 2:01:05 (lmgrd) -----------------------------------------------
 2:01:05 (lmgrd)   Please Note:
 2:01:05 (lmgrd) 
 2:01:05 (lmgrd)   This log is intended for debug purposes only.
 2:01:05 (lmgrd)   In order to capture accurate license
 2:01:05 (lmgrd)   usage data into an organized repository,
 2:01:05 (lmgrd)   please enable report logging. Use Flexera Software LLC's
 2:01:05 (lmgrd)   software license administration  solution,
 2:01:05 (lmgrd)   FlexNet Manager, to  readily gain visibility
 2:01:05 (lmgrd)   into license usage data and to create
 2:01:05 (lmgrd)   insightful reports on critical information like
 2:01:05 (lmgrd)   license availability and usage. FlexNet Manager
 2:01:05 (lmgrd)   can be fully automated to run these reports on
 2:01:05 (lmgrd)   schedule and can be used to track license
 2:01:05 (lmgrd)   servers and usage across a heterogeneous
 2:01:05 (lmgrd)   network of servers including Windows NT, Linux
 2:01:05 (lmgrd)   and UNIX.
 2:01:05 (lmgrd) 
 2:01:05 (lmgrd) -----------------------------------------------
 2:01:05 (lmgrd) 
 2:01:05 (lmgrd) 
 2:01:05 (lmgrd) Server's System Date and Time: Sat May 16 2020 02:01:05 中国标准时间
 2:01:05 (lmgrd) pid 10196
 2:01:05 (lmgrd) SLOG: Summary LOG statistics is enabled.
 2:01:05 (lmgrd) Done rereading
 2:01:05 (lmgrd) FlexNet Licensing (v11.14.1.3 build 212549 i86_n3) started on PhillLaptop (IBM PC) (5/16/2020)
 2:01:05 (lmgrd) Copyright (c) 1988-2017 Flexera Software LLC. All Rights Reserved.
 2:01:05 (lmgrd) World Wide Web:  http://www.flexerasoftware.com
 2:01:05 (lmgrd) License file(s): E:\DS.SolidWorks.2020.SP0.Premium\_SolidSQUAD_\SolidWorks_Flexnet_Server\sw_d_SSQ.lic
 2:01:05 (lmgrd) lmgrd tcp-port 25734
 2:01:05 (lmgrd) (@lmgrd-SLOG@) ===============================================
 2:01:05 (lmgrd) (@lmgrd-SLOG@) === LMGRD ===
 2:01:05 (lmgrd) (@lmgrd-SLOG@) Start-Date: Sat May 16 2020 02:01:05 中国标准时间
 2:01:05 (lmgrd) (@lmgrd-SLOG@) PID: 10196
 2:01:05 (lmgrd) (@lmgrd-SLOG@) LMGRD Version: v11.14.1.3 build 212549 i86_n3 ( build 212549 (ipv6))
 2:01:05 (lmgrd) (@lmgrd-SLOG@) 
 2:01:05 (lmgrd) (@lmgrd-SLOG@) === Network Info ===
 2:01:05 (lmgrd) (@lmgrd-SLOG@) Listening port: 25734
 2:01:05 (lmgrd) (@lmgrd-SLOG@) 
 2:01:05 (lmgrd) (@lmgrd-SLOG@) === Startup Info ===
 2:01:05 (lmgrd) (@lmgrd-SLOG@) Is LS run as a service: Yes
 2:01:05 (lmgrd) (@lmgrd-SLOG@) Server Configuration: Single Server
 2:01:05 (lmgrd) (@lmgrd-SLOG@) Command-line options used at LS startup: -c E:\DS.SolidWorks.2020.SP0.Premium\_SolidSQUAD_\SolidWorks_Flexnet_Server\sw_d_SSQ.lic -l E:\DS.SolidWorks.2020.SP0.Premium\_SolidSQUAD_\SolidWorks_Flexnet_Server\sw_d_SSQ.log -z -s 
 2:01:05 (lmgrd) (@lmgrd-SLOG@) License file(s) used:  E:\DS.SolidWorks.2020.SP0.Premium\_SolidSQUAD_\SolidWorks_Flexnet_Server\sw_d_SSQ.lic
 2:01:05 (lmgrd) (@lmgrd-SLOG@) ===============================================
 2:01:05 (lmgrd) SLOG: FNPLS-INTERNAL-VL1-4096
 2:01:05 (lmgrd) Starting vendor daemons ... 
 2:01:07 (lmgrd) Started SW_D (pid 11328)
 2:01:07 (SW_D) Unable to initialize access to trusted storage: 1
 2:01:07 (SW_D) FlexNet Licensing version v11.14.1.3 build 212549 i86_n3
 2:01:07 (SW_D) SLOG: Summary LOG statistics is enabled.
 2:01:07 (SW_D) SLOG: FNPLS-INTERNAL-CKPT1
 2:01:07 (SW_D) SLOG: VM Status: 255
 2:01:07 (SW_D) Server started on PhillLaptop for:	solidworks	
 2:01:07 (SW_D) swoffice	swofficepro	harnessing	
 2:01:07 (SW_D) photoworks	featureworks	piping		
 2:01:07 (SW_D) animator	toolbox		utilities	
 2:01:07 (SW_D) swofficepremium taskscheduler	dwgeditor	
 2:01:07 (SW_D) swift		designchecker	scanto3d	
 2:01:07 (SW_D) tolanalyst	snlcore		swofficepremium_cwpro 
 2:01:07 (SW_D) swofficepremium_cwadvpro circuitworks	photoviewcore	
 2:01:07 (SW_D) swsustainability catiatoswtrans	swcosting	
 2:01:07 (SW_D) swbackcomp	routingelec	swmodelbreakview 
 2:01:07 (SW_D) swradialexplode swchainstepexplode swflatteneverything 
 2:01:07 (SW_D) swcostingasm	dimxpertasm	sw3dpdf		
 2:01:07 (SW_D) swlivereporteditor edrw		edrwcore	
 2:01:07 (SW_D) swmbd		swmbd_std	elec2dcore	
 2:01:07 (SW_D) elec2dstd	elec2d		elec3d		
 2:01:07 (SW_D) elecpro		pdmworks	pdmworks_sa	
 2:01:07 (SW_D) pdmworks_as	sw3dinteropcatia swcomparepmi	
 2:01:07 (SW_D) cae_cwcore	cae_cwadvpro	cae_cosmosmotioncore 
 2:01:07 (SW_D) cae_cosmosmotion cae_cosmosfloworkscore cae_cosmosfloworkspe 
 2:01:07 (SW_D) cae_cosmosfloworks_hvac cae_cosmosfloworks_elec cae_cosmosfloworkspro 
 2:01:07 (SW_D) cae_cosmosfloworksadvpro cae_cosmosfloworks_rot swcomposer	
 2:01:07 (SW_D) swcomposer_publisher swcomposer_animationpublisher swcomposer_kinematicpublisher 
 2:01:07 (SW_D) swcomposer_syncfullmaintenance swcomposer_pathplanning swcomposer_publishpdf 
 2:01:07 (SW_D) swcomposer_clashrt swcomposer_vectorizationsync swcomposer_acis 
 2:01:07 (SW_D) swcomposer_iges swcomposer_step swcomposer_proe 
 2:01:07 (SW_D) swcomposer_vdafs swcomposer_cgm	swcomposer_cg	
 2:01:07 (SW_D) swcomposer_catiav4 swcomposer_catiav4pipe swcomposer_catiav5 
 2:01:07 (SW_D) swcomposer_catiav5cgr swcomposer_catiav5fta swcomposer_playerexchange 
 2:01:07 (SW_D) swcomposer_geometrypublisher swcomposer_templatepublisher swcomposer_highrespublisher 
 2:01:07 (SW_D) swcomposer_rightmanager swcomposer_playerintegration swcomposer_secure3d 
 2:01:07 (SW_D) swcomposer_connect swcomposer_catiav52d swcomposer_catiav42d 
 2:01:07 (SW_D) swcomposer_parasolid swcomposer_ug	swcomposer_inventor 
 2:01:07 (SW_D) swcomposer_jtexport swcomposer_jtimport swcomposer_cadds 
 2:01:07 (SW_D) swcomposer_jtimportfta swcomposer_syncenterprise swcomposer_check 
 2:01:07 (SW_D) swcomposer_playerpro swinspection	swinspection_pdf 
 2:01:07 (SW_D) swinspection_sw swinspection_cmm swinspection_measure 
 2:01:07 (SW_D) swinspection_std swinspection_pro swinspection_3dpdf 
 2:01:07 (SW_D) swinspection_pdf_2dimport swinspection_pdf_3dimport swinspection_sw_3dimport 
 2:01:07 (SW_D) plastics	plastics_pro	plastics_premium 
 2:01:07 (SW_D) plastics_advanced draftsight	draftsightapi	
 2:01:07 (SW_D) draftsightpremium draftsightcampus draftsightclass 
 2:01:07 (SW_D) draftsightdeveloper draftsightpro	visu		
 2:01:07 (SW_D) visupro		visupowerboost	pcb		
 2:01:07 (SW_D) pcbpro		pcbaltium	camassemblies	
 2:01:07 (SW_D) camturning	camconfigs	camadaptive	
 2:01:07 (SW_D) camnceditor	cammillindexing camposting	
 2:01:07 (SW_D) campro		swepdm_cadeditor swepdm_cadeditorandweb 
 2:01:07 (SW_D) swepdm_contributor swepdm_contributorandweb swepdm_viewer	
 2:01:07 (SW_D) swepdm_web	swepdm_processor swepm_web	
 2:01:07 (SW_D) swepdm		swpdmstd_cadeditor swpdmstd_contributor 
 2:01:07 (SW_D) swpdmstd_viewer swmanage	swmanagefull	
 2:01:07 (SW_D) swmanageview	swmanagepro_editor swmanagepro_contributor 
 2:01:07 (SW_D) swmanagepro_viewer swmanagepro_processor swmanageswaddin 
 2:01:07 (SW_D) camcore		swdesigntomanufacturing swmechatronicspro 
 2:01:07 (SW_D) swmechatronicsstd visuboost	
 2:01:07 (SW_D) EXTERNAL FILTERS are OFF
 2:01:07 (lmgrd) SW_D using TCP-port 49714
 2:01:07 (SW_D) SLOG: Statistics Log Frequency is 240 minute(s).
 2:01:07 (SW_D) SLOG: TS update poll interval is 600 seconds.
 2:01:07 (SW_D) SLOG: Activation borrow reclaim percentage is 0.
 2:01:07 (SW_D) (@SW_D-SLOG@) ===============================================
 2:01:07 (SW_D) (@SW_D-SLOG@) === Vendor Daemon ===
 2:01:07 (SW_D) (@SW_D-SLOG@) Vendor daemon: SW_D
 2:01:07 (SW_D) (@SW_D-SLOG@) Start-Date: Sat May 16 2020 02:01:07 ?D1ú±ê×?ê±??
 2:01:07 (SW_D) (@SW_D-SLOG@) PID: 11328
 2:01:07 (SW_D) (@SW_D-SLOG@) VD Version: v11.14.1.3 build 212549 i86_n3 ( build 212549 (ipv6))
 2:01:07 (SW_D) (@SW_D-SLOG@) 
 2:01:07 (SW_D) (@SW_D-SLOG@) === Startup/Restart Info ===
 2:01:07 (SW_D) (@SW_D-SLOG@) Options file used: None
 2:01:07 (SW_D) (@SW_D-SLOG@) Is vendor daemon a CVD: No
 2:01:07 (SW_D) (@SW_D-SLOG@) Is TS accessed: No
 2:01:07 (SW_D) (@SW_D-SLOG@) TS accessed for feature load: -NA-
 2:01:07 (SW_D) (@SW_D-SLOG@) Number of VD restarts since LS startup: 0
 2:01:07 (SW_D) (@SW_D-SLOG@) 
 2:01:07 (SW_D) (@SW_D-SLOG@) === Network Info ===
 2:01:07 (SW_D) (@SW_D-SLOG@) Listening port: 49714
 2:01:07 (SW_D) (@SW_D-SLOG@) Daemon select timeout (in seconds): 1
 2:01:07 (SW_D) (@SW_D-SLOG@) 
 2:01:07 (SW_D) (@SW_D-SLOG@) === Host Info ===
 2:01:07 (SW_D) (@SW_D-SLOG@) Host used in license file: PhillLaptop
 2:01:07 (SW_D) (@SW_D-SLOG@) Running on Hypervisor: None (Physical)
 2:01:07 (SW_D) (@SW_D-SLOG@) ===============================================
 2:01:07 (SW_D) TCP_NODELAY NOT enabled
 2:01:07 (SW_D) OUT: "visuboost" SYSTEM@PhillLaptop  
